This is TeX, Version 3.14159 (Web2C 7.3.1) (format=latex 2002.4.12)  9 SEP 2004 21:12
**place_and_route.tex
(place_and_route.tex
LaTeX2e <2000/06/01>
Babel <v3.7h> and hyphenation patterns for american, french, german, ngerman, i
talian, nohyphenation, loaded.
(/usr/share/texmf/tex/latex/base/article.cls
Document Class: article 2000/05/19 v1.4b Standard LaTeX document class
(/usr/share/texmf/tex/latex/base/size12.clo
File: size12.clo 2000/05/19 v1.4b Standard LaTeX file (size option)
)
\c@part=\count79
\c@section=\count80
\c@subsection=\count81
\c@subsubsection=\count82
\c@paragraph=\count83
\c@subparagraph=\count84
\c@figure=\count85
\c@table=\count86
\abovecaptionskip=\skip41
\belowcaptionskip=\skip42
\bibindent=\dimen102
)
(/usr/share/texmf/tex/latex/graphics/graphics.sty
Package: graphics 1999/02/16 v1.0l Standard LaTeX Graphics (DPC,SPQR)

(/usr/share/texmf/tex/latex/graphics/trig.sty
Package: trig 1999/03/16 v1.09 sin cos tan (DPC)
)
(/usr/share/texmf/tex/latex/config/graphics.cfg)
Package graphics Info: Driver file: dvips.def on input line 80.

(/usr/share/texmf/tex/latex/graphics/dvips.def
File: dvips.def 1999/02/16 v3.0i Driver-dependant file (DPC,SPQR)
))
(/usr/share/texmf/tex/generic/babel/babel.sty
Package: babel 2001/03/01 v3.7h The Babel package

(/usr/share/texmf/tex/generic/babel/english.ldf
Language: english 2001/02/07 v3.3k English support from the babel system

(/usr/share/texmf/tex/generic/babel/babel.def
File: babel.def 2001/03/01 v3.7h Babel common definitions
\babel@savecnt=\count87
\U@D=\dimen103
)
\l@canadian = a dialect from \language\l@english 
))
(/usr/share/texmf/tex/latex/misc/doublespace.sty)
(/usr/share/texmf/tex/plain/dvips/epsf.tex
This is `epsf.tex' v2.7k <10 July 1997>
\epsffilein=\read1
\epsfframemargin=\dimen104
\epsfframethickness=\dimen105
\epsfrsize=\dimen106
\epsftmp=\dimen107
\epsftsize=\dimen108
\epsfxsize=\dimen109
\epsfysize=\dimen110
\pspoints=\dimen111
\epsfnoopenhelp=\toks14
) (/usr/share/texmf/tex/latex/misc/fancybox.sty
\c@tocdepth=\count88

Style option: `fancybox' v1.2 <1998/02/27> (tvz)
\@fancybox=\box26
\shadowsize=\dimen112
\@Sbox=\box27
\do@VerbBox=\toks15
\the@fancyput=\toks16
\this@fancyput=\toks17
\EndVerbatimTokens=\toks18
\Verbatim@Outfile=\write3
\Verbatim@Infile=\read2
) (/usr/share/texmf/tex/latex/fancyheadings/fancyheadings.sty
\headrulewidth=\dimen113
\footrulewidth=\dimen114
\plainheadrulewidth=\dimen115
\plainfootrulewidth=\dimen116
\headwidth=\dimen117
\footruleskip=\dimen118
)
(/usr/share/texmf/tex/latex/misc/float.sty
Package: float 1999/05/29 v1.2d Float enhancements (AL)
\c@float@type=\count89
\float@box=\box28
\@floatcapt=\box29
)
(/usr/share/texmf/tex/latex/graphics/graphicx.sty
Package: graphicx 1999/02/16 v1.0f Enhanced LaTeX Graphics (DPC,SPQR)

(/usr/share/texmf/tex/latex/graphics/keyval.sty
Package: keyval 1999/03/16 v1.13 key=value parser (DPC)
\KV@toks@=\toks19
)
\Gin@req@height=\dimen119
\Gin@req@width=\dimen120
)
(/usr/share/texmf/tex/latex/misc/here.sty)
(/usr/share/texmf/tex/latex/misc/isolatin1.sty
ISO-latin-1 input coding, version 0.9 of 1-Jun-1992.)
(/usr/share/texmf/tex/latex/psnfss/palatino.sty
Package: palatino 2000/01/12 PSNFSS-v8.1 Palatino font as default roman (SPQR) 

)
(/usr/share/texmf/tex/latex/misc/picinpar.sty
Pictures in Paragraphs. Version 1.2a, July 13, 1993
\br=\count90
\bl=\count91
\na=\count92
\nb=\count93
\tcdsav=\count94
\tcl=\count95
\tcd=\count96
\tcn=\count97
\cumtcl=\count98
\cumpartcl=\count99
\lftside=\dimen121
\rtside=\dimen122
\hpic=\dimen123
\vpic=\dimen124
\strutilg=\dimen125
\picwd=\dimen126
\topheight=\dimen127
\ilg=\dimen128
\lpic=\dimen129
\lwindowsep=\dimen130
\rwindowsep=\dimen131
\cumpar=\dimen132
\twa=\toks20
\la=\toks21
\ra=\toks22
\ha=\toks23
\pictoc=\toks24
\rawtext=\box30
\holder=\box31
\windowbox=\box32
\wartext=\box33
\finaltext=\box34
\aslice=\box35
\bslice=\box36
\wbox=\box37
\wstrutbox=\box38
\picbox=\box39
\waslice=\box40
\wbslice=\box41
\fslice=\box42
) (/usr/share/texmf/tex/generic/misc/psfig.sty
\@unused=\write4
\ps@stream=\read3
\p@intvaluex=\dimen133
\p@intvaluey=\dimen134

psfig/tex 1.10-dvips
) (/usr/share/texmf/tex/plain/dvips/rotate.tex
\rotdimen=\dimen135
)
(/usr/share/texmf/tex/latex/misc/subfigure.sty
Package: subfigure 1995/03/06 v2.0 subfigure package

Package: subfigure 1995/03/06 v2.0
\c@subfigure=\count100
\c@lofdepth=\count101
\c@subtable=\count102
\c@lotdepth=\count103
) (/usr/share/texmf/tex/latex/mdwtools/sverb.sty
Package: sverb 1996/05/08 1.3 Verbatim typesetting
\svtab=\dimen136
\listingindent=\dimen137
\sv@writefile=\write5
\sv@nestcount=\count104
)
(/usr/share/texmf/tex/latex/base/t1enc.sty
Package: t1enc 1994/06/01 Standard LaTeX package
)
(/usr/share/texmf/tex/latex/misc/wrapfig.sty
\wrapoverhang=\dimen138
\WF@size=\dimen139
\c@WF@wrappedlines=\count105
\WF@box=\box43
\WF@everypar=\toks25
Package: wrapfig 1999/03/11  v 3.2
)
\verbatimbox=\skip43
LaTeX Font Info:    Try loading font information for T1+ppl on input line 43.

(/usr/share/texmf/tex/latex/psnfss/t1ppl.fd
File: t1ppl.fd 2000/01/12 PSNFSS-v8.1 font definitions for T1/ppl.
)
LaTeX Font Info:    Try loading font information for T1+pcr on input line 43.

(/usr/share/texmf/tex/latex/psnfss/t1pcr.fd
File: t1pcr.fd 2000/01/12 PSNFSS-v8.1 font definitions for T1/pcr.
) (place_and_route.aux)
\openout1 = `place_and_route.aux'.

LaTeX Font Info:    Checking defaults for OML/cmm/m/it on input line 69.
LaTeX Font Info:    ... okay on input line 69.
LaTeX Font Info:    Checking defaults for T1/cmr/m/n on input line 69.
LaTeX Font Info:    ... okay on input line 69.
LaTeX Font Info:    Checking defaults for OT1/cmr/m/n on input line 69.
LaTeX Font Info:    ... okay on input line 69.
LaTeX Font Info:    Checking defaults for OMS/cmsy/m/n on input line 69.
LaTeX Font Info:    ... okay on input line 69.
LaTeX Font Info:    Checking defaults for OMX/cmex/m/n on input line 69.
LaTeX Font Info:    ... okay on input line 69.
LaTeX Font Info:    Checking defaults for U/cmr/m/n on input line 69.
LaTeX Font Info:    ... okay on input line 69.
LaTeX Font Info:    External font `cmex10' loaded for size
(Font)              <14.4> on input line 89.
LaTeX Font Info:    External font `cmex10' loaded for size
(Font)              <7> on input line 89.
File: amd2901.epsi Graphic file (type eps)

<amd2901.epsi> [1

]
LaTeX Font Info:    Font shape `T1/ppl/bx/n' in size <12> not available
(Font)              Font shape `T1/ppl/b/n' tried instead on input line 97.

Underfull \hbox (badness 10000) in paragraph at lines 97--102

 []

[2]
LaTeX Font Info:    Try loading font information for OMS+ppl on input line 159.

 (/usr/share/texmf/tex/latex/psnfss/omsppl.fd
File: omsppl.fd 
)
LaTeX Font Info:    Font shape `OMS/ppl/m/n' in size <12> not available
(Font)              Font shape `OMS/cmsy/m/n' tried instead on input line 159.
 [3]
LaTeX Font Info:    Font shape `T1/ppl/bx/n' in size <17.28> not available
(Font)              Font shape `T1/ppl/b/n' tried instead on input line 190.
 [4]
LaTeX Font Info:    Font shape `T1/ppl/bx/n' in size <14.4> not available
(Font)              Font shape `T1/ppl/b/n' tried instead on input line 215.
LaTeX Font Info:    External font `cmex10' loaded for size
(Font)              <12> on input line 218.
LaTeX Font Info:    External font `cmex10' loaded for size
(Font)              <8> on input line 218.
LaTeX Font Info:    External font `cmex10' loaded for size
(Font)              <6> on input line 218.

Overfull \hbox (19.00293pt too wide) in paragraph at lines 227--231
\T1/ppl/m/n/12 en-vi-ron-ment vari-able \T1/ppl/b/n/12 RDS_TECHNO_NAME \T1/ppl/
m/n/12 which must be set to \T1/ppl/b/n/12 /al-liance/etc/cmos.rds 
 []

[5]
LaTeX Font Info:    External font `cmex10' loaded for size
(Font)              <5> on input line 271.

Underfull \hbox (badness 10000) in paragraph at lines 273--278

 []

File: inv_x1.eps Graphic file (type eps)
<inv_x1.eps> [6]
File: buff_x1.eps Graphic file (type eps)
 <buff_x1.eps>
File: hierarchie.eps Graphic file (type eps)
 <hierarchie.eps> [7]
File: gabarit_sx.eps Graphic file (type eps)
 <gabarit_sx.eps> [8]
File: gabarit2_sx.eps Graphic file (type eps)

<gabarit2_sx.eps>
File: gabarit3_sx.eps Graphic file (type eps)
 <gabarit3_sx.eps> [9]
File: stick.eps Graphic file (type eps)
 <stick.eps> [10] [11]
File: bloc.eps Graphic file (type eps)
 <bloc.eps>
File: hier.eps Graphic file (type eps)

<hier.eps> [12] [13]
Underfull \hbox (badness 10000) in paragraph at lines 502--505

 []


Underfull \hbox (badness 10000) in paragraph at lines 506--509

 []


Underfull \hbox (badness 10000) in paragraph at lines 510--515

 []

[14]
Underfull \hbox (badness 10000) in paragraph at lines 516--519

 []


Underfull \hbox (badness 10000) in paragraph at lines 533--536

 []

File: preplacement.eps Graphic file (type eps)
<preplacement.eps> [15]
File: colonnes.eps Graphic file (type eps)
 <colonnes.eps> [16]
Underfull \hbox (badness 10000) in paragraph at lines 570--574

 []

File: placement.eps Graphic file (type eps)
<placement.eps>
Overfull \hbox (10.2999pt too wide) in paragraph at lines 603--604
 [][] 
 []

[17] [18]
Underfull \hbox (badness 10000) in paragraph at lines 652--654

 []


Underfull \hbox (badness 10000) in paragraph at lines 659--661

 []


Underfull \hbox (badness 10000) in paragraph at lines 686--690

 []


Underfull \hbox (badness 10000) in paragraph at lines 693--695

 []

[19] [20]
File: dpt-all-1.eps Graphic file (type eps)
 <dpt-all-1.eps> [21] (place_and_route.aux) ) 
Here is how much of TeX's memory you used:
 1899 strings out of 20887
 21598 string characters out of 196274
 78150 words of memory out of 350001
 4821 multiletter control sequences out of 10000+15000
 19717 words of font info for 42 fonts, out of 400000 for 1000
 14 hyphenation exceptions out of 10000
 24i,11n,21p,211b,376s stack positions out of 3000i,100n,1500p,50000b,4000s

Output written on place_and_route.dvi (21 pages, 27548 bytes).
